<?xml version="1.0" encoding="UTF-8"?>
<!-- Generated by org.testng.reporters.JUnitReportReporter -->
<testsuite hostname="CISPL-IO-756.local" failures="0" tests="1" name="com.api.test.SupLoginApiTest" time="67.810" errors="0" timestamp="2024-04-20T16:42:39 IST" skipped="0">
  <testcase classname="com.api.test.SupLoginApiTest" name="test_sup_login_api_request" time="67.810"/>
</testsuite> <!-- com.api.test.SupLoginApiTest -->
