<?xml version="1.0" encoding="UTF-8"?>
<!-- Generated by org.testng.reporters.JUnitReportReporter -->
<testsuite hostname="CISPL-IO-756.local" failures="0" tests="1" name="com.api.test.CreateJobApiTest" time="0.695" errors="0" timestamp="2024-05-19T17:03:18 IST" skipped="0">
  <testcase classname="com.api.test.CreateJobApiTest" name="test_create_job_api_test" time="0.695"/>
</testsuite> <!-- com.api.test.CreateJobApiTest -->
