<?xml version="1.0" encoding="UTF-8"?>
<!-- Generated by org.testng.reporters.JUnitReportReporter -->
<testsuite hostname="CISPL-IO-756.local" failures="0" tests="2" name="com.api.test.LoginApiTest" time="1.624" errors="0" timestamp="2024-03-13T22:30:56 IST" skipped="1">
  <testcase classname="com.api.test.LoginApiTest" name="test_logi_api_request" time="1.289">
    <skipped/>
  </testcase> <!-- test_logi_api_request -->
  <testcase classname="com.api.test.LoginApiTest" name="test_logi_api_request" time="0.335"/>
</testsuite> <!-- com.api.test.LoginApiTest -->
