<?xml version="1.0" encoding="UTF-8"?>
<!-- Generated by org.testng.reporters.JUnitReportReporter -->
<testsuite hostname="CISPL-IO-756.local" failures="0" tests="3" name="com.api.test.LoginApiTest" time="1.603" errors="0" timestamp="2024-04-20T18:07:14 IST" skipped="2">
  <testcase classname="com.api.test.LoginApiTest" name="test_logi_api_request" time="1.081">
    <skipped/>
  </testcase> <!-- test_logi_api_request -->
  <testcase classname="com.api.test.LoginApiTest" name="test_logi_api_request" time="0.173">
    <skipped/>
  </testcase> <!-- test_logi_api_request -->
  <testcase classname="com.api.test.LoginApiTest" name="test_logi_api_request" time="0.349"/>
</testsuite> <!-- com.api.test.LoginApiTest -->
