<?xml version="1.0" encoding="UTF-8"?>
<!-- Generated by org.testng.reporters.JUnitReportReporter -->
<testsuite hostname="CISPL-IO-756.local" failures="0" tests="1" name="com.api.test.CreateJobApiTest" time="2.169" errors="0" timestamp="2024-03-10T23:28:35 IST" skipped="0">
  <testcase classname="com.api.test.CreateJobApiTest" name="test_create_job_api_test" time="2.169"/>
</testsuite> <!-- com.api.test.CreateJobApiTest -->
