<?xml version="1.0" encoding="UTF-8"?>
<!-- Generated by org.testng.reporters.JUnitReportReporter -->
<testsuite hostname="CISPL-IO-756.local" failures="0" tests="1" name="com.api.test.SupLoginApiTest" time="0.114" errors="0" timestamp="2024-01-25T08:53:37 IST" skipped="0">
  <testcase classname="com.api.test.SupLoginApiTest" name="test_sup_login_api_request" time="0.114"/>
</testsuite> <!-- com.api.test.SupLoginApiTest -->
