<?xml version="1.0" encoding="UTF-8"?>
<!-- Generated by org.testng.reporters.JUnitReportReporter -->
<testsuite hostname="CISPL-IO-756.local" failures="0" tests="1" name="com.ui.tests.DashboardPageTest" time="3.044" errors="0" timestamp="2024-05-27T23:29:45 IST" skipped="0">
  <testcase classname="com.ui.tests.DashboardPageTest" name="testCreatedJobTable" time="3.044"/>
</testsuite> <!-- com.ui.tests.DashboardPageTest -->
