<?xml version="1.0" encoding="UTF-8"?>
<!-- Generated by org.testng.reporters.JUnitReportReporter -->
<testsuite hostname="CISPL-IO-756.local" failures="0" tests="1" name="com.api.test.SupPendingApiTest" time="0.500" errors="0" timestamp="2024-05-19T17:03:18 IST" skipped="0">
  <testcase classname="com.api.test.SupPendingApiTest" name="test_sup_pending_api_test" time="0.500"/>
</testsuite> <!-- com.api.test.SupPendingApiTest -->
