<?xml version="1.0" encoding="UTF-8"?>
<!-- Generated by org.testng.reporters.JUnitReportReporter -->
<testsuite hostname="CISPL-IO-756.local" failures="0" tests="3" name="com.api.test.DataProviderLoginApiTest" time="1.187" errors="0" timestamp="2024-05-19T17:07:23 IST" skipped="0">
  <testcase classname="com.api.test.DataProviderLoginApiTest" name="test_logi_api_request" time="0.766"/>
  <testcase classname="com.api.test.DataProviderLoginApiTest" name="test_logi_api_request" time="0.197"/>
  <testcase classname="com.api.test.DataProviderLoginApiTest" name="test_logi_api_request" time="0.224"/>
</testsuite> <!-- com.api.test.DataProviderLoginApiTest -->
