<?xml version="1.0" encoding="UTF-8"?>
<!-- Generated by org.testng.reporters.JUnitReportReporter -->
<testsuite hostname="CISPL-IO-756.local" failures="0" tests="1" name="com.ui.tests.CreateJobPageTest" time="8.049" errors="0" timestamp="2024-05-27T23:58:57 IST" skipped="0">
  <testcase classname="com.ui.tests.CreateJobPageTest" name="testCreateJobByUI" time="8.049"/>
</testsuite> <!-- com.ui.tests.CreateJobPageTest -->
